C51 COMPILER V9.60.0.0   MAIN                                                              02/10/2025 02:09:01 PAGE 1   


C51 COMPILER V9.60.0.0, COMPILATION OF MODULE MAIN
OBJECT MODULE PLACED IN .\Objects\main.obj
COMPILER INVOKED BY: E:\Keil_v5\C51\BIN\C51.EXE main.c OPTIMIZE(8,SPEED) BROWSE DEBUG OBJECTEXTEND PRINT(.\Listings\main
                    -.lst) TABS(2) OBJECT(.\Objects\main.obj)

line level    source

   1          #include <reg52.h>
   2          #include <stdio.h>
   3          
   4          sbit led=P2^7;
   5          
   6          // 定义LED_PWM 占空比，亮灭时间
   7          static int temp = 0;
   8          static int high_time = 0;
   9          static int low_time = 800;
  10          
  11          void UartInit(void)                //9600bps@11.0592MHz
  12          {
  13   1          PCON &= 0x7F;                //波特率不倍速
  14   1          SCON = 0x50;                //8位数据,可变波特率
  15   1          TMOD &= 0x0F;                //清除定时器1模式位
  16   1          TMOD |= 0x20;                //设定定时器1为8位自动重装方式
  17   1          TL1 = 0xFD;                //设定定时初值
  18   1          TH1 = 0xFD;                //设定定时器重装值
  19   1          ET1 = 0;                //禁止定时器1中断
  20   1          TR1 = 1;                //启动定时器1
  21   1      }
  22          
  23          /*
  24          **重写printf调用的putchar函数，重定向到串口输出
  25          **需要引入头文件<stdio.h>
  26          *****/
  27          char putchar(char dat){
  28   1          //输出重定向到串口
  29   1          SBUF = dat;     //写入发送缓冲寄存器
  30   1          while(!TI);    //等待发送完成，TI发送溢出标志位 置1
  31   1          TI = 0;      //对溢出标志位清零
  32   1          return dat;  //返回给函数的调用者printf
  33   1      }
  34          
  35          void Delayus(int t){
  36   1          while(t--){
  37   2              unsigned char i;
  38   2              i = 2;
  39   2              while(--i);
  40   2          }
  41   1      }
  42          
  43          void main()
  44          {
  45   1          UartInit();
  46   1          while(1)
  47   1          {
  48   2              if(RI==1)  //RI=1说明串口接收到了数据
  49   2              {
  50   3                  RI=0;   //RI置0保证下次接收
  51   3                  //判断接收的数据，作出相应的操作
  52   3                  // 注意：SBUF是接收二进制数据的，所以不能简单的理解为“占100的多少
             -”
  53   3                  // 应该是 100 0b0110 0100  左移3位 0b 0011 0010 0000 也就是800
C51 COMPILER V9.60.0.0   MAIN                                                              02/10/2025 02:09:01 PAGE 2   

  54   3                  temp = SBUF % 101;
  55   3                  printf("rev data = %d\r\n",temp);
  56   3                  high_time = temp << 3;
  57   3                  low_time = 800 - high_time;
  58   3              }
  59   2              //由于Delayus出入栈和接下来led=1需要赋值时间，导致high_time 为0时，灯依旧
             -一些亮度
  60   2              // 加入一层if判断，如果high_time 为0时，不对led赋值为0
  61   2              if(high_time!=0){
  62   3                  led = 0;
  63   3                  Delayus(high_time);
  64   3              }
  65   2              led = 1;
  66   2              Delayus(low_time);
  67   2          }
  68   1      }


MODULE INFORMATION:   STATIC OVERLAYABLE
   CODE SIZE        =    145    ----
   CONSTANT SIZE    =     16    ----
   XDATA SIZE       =   ----    ----
   PDATA SIZE       =   ----    ----
   DATA SIZE        =      6       1
   IDATA SIZE       =   ----    ----
   BIT SIZE         =   ----    ----
END OF MODULE INFORMATION.


C51 COMPILATION COMPLETE.  0 WARNING(S),  0 ERROR(S)
