C51 COMPILER V9.60.0.0   MAIN                                                              01/14/2025 23:55:30 PAGE 1   


C51 COMPILER V9.60.0.0, COMPILATION OF MODULE MAIN
OBJECT MODULE PLACED IN .\Objects\main.obj
COMPILER INVOKED BY: E:\Keil_v5\C51\BIN\C51.EXE main.c OPTIMIZE(8,SPEED) BROWSE DEBUG OBJECTEXTEND PRINT(.\Listings\main
                    -.lst) TABS(2) OBJECT(.\Objects\main.obj)

line level    source

   1          #include <reg52.h>
   2          #include <stdio.h>
   3          
   4          sfr WDT_CONTR = 0xe1;
   5          sbit led = P2^7;
   6          
   7          void UartInit(void)                //9600bps@11.0592MHz
   8          {
   9   1              PCON &= 0x7F;                //波特率不倍速
  10   1              SCON = 0x50;                //8位数据,可变波特率
  11   1              TMOD &= 0x0F;                //清除定时器1模式位
  12   1              TMOD |= 0x20;                //设定定时器1为8位自动重装方式
  13   1              TL1 = 0xFD;                //设定定时初值
  14   1              TH1 = 0xFD;                //设定定时器重装值
  15   1              ET1 = 0;                //禁止定时器1中断
  16   1              TR1 = 1;                //启动定时器1
  17   1      }
  18          
  19          /*
  20          **重写printf调用的putchar函数，重定向到串口输出
  21          **需要引入头文件<stdio.h>
  22          *****/
  23          char putchar(char dat){
  24   1              //输出重定向到串口
  25   1              SBUF = dat;     //写入发送缓冲寄存器
  26   1              while(!TI);    //等待发送完成，TI发送溢出标志位 置1
  27   1              TI = 0;      //对溢出标志位清零
  28   1              return dat;  //返回给函数的调用者printf
  29   1      }
  30          
  31          void delayms(unsigned int xms) {
  32   1          unsigned int i,j;
  33   1          for (i=xms;i>0;i--)
  34   1          for(j=110;j>0;j--);
  35   1      }
  36          
  37          void main(){
  38   1        UartInit();
  39   1        printf("System restart by watchdog!\r\n");
  40   1        WDT_CONTR = 0x35;
  41   1        led = 0;
  42   1        delayms(500);
  43   1        led = 1;
  44   1        while(1){
  45   2          delayms(3000);
  46   2          WDT_CONTR = 0x35;
  47   2        }
  48   1      }


MODULE INFORMATION:   STATIC OVERLAYABLE
   CODE SIZE        =     99    ----
   CONSTANT SIZE    =     30    ----
   XDATA SIZE       =   ----    ----
C51 COMPILER V9.60.0.0   MAIN                                                              01/14/2025 23:55:30 PAGE 2   

   PDATA SIZE       =   ----    ----
   DATA SIZE        =   ----    ----
   IDATA SIZE       =   ----    ----
   BIT SIZE         =   ----    ----
END OF MODULE INFORMATION.


C51 COMPILATION COMPLETE.  0 WARNING(S),  0 ERROR(S)
