C51 COMPILER V9.60.0.0   MAIN                                                              01/12/2025 21:55:59 PAGE 1   


C51 COMPILER V9.60.0.0, COMPILATION OF MODULE MAIN
OBJECT MODULE PLACED IN .\Objects\main.obj
COMPILER INVOKED BY: E:\Keil_v5\C51\BIN\C51.EXE main.c OPTIMIZE(8,SPEED) BROWSE DEBUG OBJECTEXTEND PRINT(.\Listings\main
                    -.lst) TABS(2) OBJECT(.\Objects\main.obj)

line level    source

   1          #include "reg52.h"
   2          
   3          #define TIMS (65536 - 9216)
   4          
   5          sbit led1 = P2^7;
   6          int count = 0;
   7          
   8          // Timer1的中断函数
   9          void Timer1() interrupt 1{
  10   1        count++;
  11   1        if(count == 10){
  12   2          led1 = ~led1;
  13   2          count = 0;
  14   2          TL0 = TIMS;
  15   2          TL1 = TIMS >> 8;
  16   2        }
  17   1      }
  18          
  19          void main(){
  20   1        TMOD = 0x01; //工作模式为1，选择内部系统时钟，软件启动
  21   1        TR0 = 1;
  22   1        TL0 = TIMS;
  23   1        TL1 = TIMS >> 8;
  24   1        ET0 = 1;
  25   1        EA = 1;
  26   1        
  27   1        while(1);
  28   1        
  29   1      }


MODULE INFORMATION:   STATIC OVERLAYABLE
   CODE SIZE        =     47    ----
   CONSTANT SIZE    =   ----    ----
   XDATA SIZE       =   ----    ----
   PDATA SIZE       =   ----    ----
   DATA SIZE        =      2    ----
   IDATA SIZE       =   ----    ----
   BIT SIZE         =   ----    ----
END OF MODULE INFORMATION.


C51 COMPILATION COMPLETE.  0 WARNING(S),  0 ERROR(S)
