C51 COMPILER V9.60.0.0   MAIN                                                              01/05/2025 22:26:33 PAGE 1   


C51 COMPILER V9.60.0.0, COMPILATION OF MODULE MAIN
OBJECT MODULE PLACED IN .\Objects\main.obj
COMPILER INVOKED BY: E:\Keil_v5\C51\BIN\C51.EXE main.c OPTIMIZE(8,SPEED) BROWSE DEBUG OBJECTEXTEND PRINT(.\Listings\main
                    -.lst) TABS(2) OBJECT(.\Objects\main.obj)

line level    source

   1          #include "reg52.h"
   2          
   3          sfr P4    = 0xe8;                   //for 89C5xRC/RD+ series and 90C5xRc/RD+, location at 0E8H
   4          sbit INT2 = P4^3;
   5          sbit INT3 = P4^2;
   6          
   7          sfr XICON = 0xc0;                   //for 89C5xRC/RD+ series and 90C5xRc/RD+, location at 0C0H
   8          sbit PX3  = XICON^7;
   9          sbit EX3  = XICON^6;
  10          sbit IE3  = XICON^5;
  11          sbit IT3  = XICON^4;
  12          sbit PX2  = XICON^3;
  13          sbit EX2  = XICON^2;
  14          sbit IE2  = XICON^1;
  15          sbit IT2  = XICON^0;
  16          
  17          sbit key1 = P4^3;
  18          sbit led1 = P2^7;
  19          
  20          void delay_ms(unsigned int xms)   //@12MHz
  21          {
  22   1          unsigned int i, j;
  23   1          for(i=xms;i>0;i--)
  24   1          {
  25   2              for(j=124;j>0;j--)
  26   2              {}
  27   2          }
  28   1      }
  29          
  30          void exit2() interrupt 6{
  31   1          if(key1 == 0){
  32   2            delay_ms(10);
  33   2            led1 = ~led1;
  34   2            delay_ms(1000);
  35   2          }
  36   1      }
  37          
  38          void main(){
  39   1        IT2 = 1;  
  40   1        EX2 = 1;
  41   1        EA = 1;
  42   1        while(1){
  43   2          delay_ms(20000);
  44   2        }
  45   1      }


MODULE INFORMATION:   STATIC OVERLAYABLE
   CODE SIZE        =     92    ----
   CONSTANT SIZE    =   ----    ----
   XDATA SIZE       =   ----    ----
   PDATA SIZE       =   ----    ----
   DATA SIZE        =   ----    ----
   IDATA SIZE       =   ----    ----
C51 COMPILER V9.60.0.0   MAIN                                                              01/05/2025 22:26:33 PAGE 2   

   BIT SIZE         =   ----    ----
END OF MODULE INFORMATION.


C51 COMPILATION COMPLETE.  0 WARNING(S),  0 ERROR(S)
