C51 COMPILER V9.60.0.0   MAIN                                                              01/13/2025 23:41:41 PAGE 1   


C51 COMPILER V9.60.0.0, COMPILATION OF MODULE MAIN
OBJECT MODULE PLACED IN .\Objects\main.obj
COMPILER INVOKED BY: E:\Keil_v5\C51\BIN\C51.EXE main.c OPTIMIZE(8,SPEED) BROWSE DEBUG OBJECTEXTEND PRINT(.\Listings\main
                    -.lst) TABS(2) OBJECT(.\Objects\main.obj)

line level    source

   1          #include <reg52.h>
   2          
   3          sbit buzz = P2^1;
   4          
   5          //带参延时函数，不需要头文件
   6          void delay_ms(unsigned int xms)   //@12MHz
   7          {
   8   1          unsigned int i, j;
   9   1          for(i=xms;i>0;i--)
  10   1          {
  11   2              for(j=124;j>0;j--)
  12   2              {}
  13   2          }
  14   1      }
  15          
  16          void speak(){
  17   1        buzz = 0;
  18   1        delay_ms(1);
  19   1        buzz = 1;
  20   1        delay_ms(1);
  21   1      }
  22          
  23          void main(){
  24   1        while(1){
  25   2          speak();
  26   2        }
  27   1      }


MODULE INFORMATION:   STATIC OVERLAYABLE
   CODE SIZE        =     53    ----
   CONSTANT SIZE    =   ----    ----
   XDATA SIZE       =   ----    ----
   PDATA SIZE       =   ----    ----
   DATA SIZE        =   ----    ----
   IDATA SIZE       =   ----    ----
   BIT SIZE         =   ----    ----
END OF MODULE INFORMATION.


C51 COMPILATION COMPLETE.  0 WARNING(S),  0 ERROR(S)
