C51 COMPILER V9.60.0.0   MAIN                                                              02/10/2025 01:00:50 PAGE 1   


C51 COMPILER V9.60.0.0, COMPILATION OF MODULE MAIN
OBJECT MODULE PLACED IN .\Objects\main.obj
COMPILER INVOKED BY: E:\Keil_v5\C51\BIN\C51.EXE main.c OPTIMIZE(8,SPEED) BROWSE DEBUG OBJECTEXTEND PRINT(.\Listings\main
                    -.lst) TABS(2) OBJECT(.\Objects\main.obj)

line level    source

   1          #include <reg52.h>
   2          
   3          #define RIGHT 1
   4          #define LEFT -1
   5          static unsigned int led_num = 5;
   6          static int led_flag = RIGHT;
   7          
   8          sfr P4 = 0xe8;                   //for 89C5xRC/RD+ series and 90C5xRc/RD+, location at 0E8H
   9          //sfr P4   = 0xc0;                  //for 90C5xAD series, location at 0C0H
  10          sbit INT2 = P4 ^ 3;
  11          sbit INT3 = P4 ^ 2;
  12          
  13          sfr XICON = 0xc0;                   //for 89C5xRC/RD+ series and 90C5xRc/RD+, location at 0C0H
  14          //sfr XICON = 0xe8;                 //for 90C5xAD series, location at 0E8H
  15          sbit PX3 = XICON ^ 7;
  16          sbit EX3 = XICON ^ 6;
  17          sbit IE3 = XICON ^ 5;
  18          sbit IT3 = XICON ^ 4;
  19          sbit PX2 = XICON ^ 3;
  20          sbit EX2 = XICON ^ 2;
  21          sbit IE2 = XICON ^ 1;
  22          sbit IT2 = XICON ^ 0;
  23          
  24          sbit key = P4 ^ 3;
  25          
  26          void delay_ms(unsigned int xms)   //@12MHz
  27          {
  28   1          unsigned int i, j;
  29   1          for (i = xms; i > 0; i--) {
  30   2              for (j = 124; j > 0; j--) {}
  31   2          }
  32   1      }
  33          
  34          void initInt2() {
  35   1          EX2 = 1;
  36   1          IT2 = 1; // 选择下降沿触发中断
  37   1      }
  38          
  39          void open_led(unsigned int num) {
  40   1          P2 = 0xFF & ~(1 << num);
  41   1      }
  42          
  43          void exit2() interrupt 6{
  44   1          if(key == 0){
  45   2              led_flag = LEFT;
  46   2              delay_ms(10);
  47   2          }
  48   1      }
  49          
  50          void main() {
  51   1          initInt2();
  52   1          EA = 1;
  53   1          while (1) {
  54   2              open_led(led_num);
C51 COMPILER V9.60.0.0   MAIN                                                              02/10/2025 01:00:50 PAGE 2   

  55   2              delay_ms(1000);
  56   2              if(key == 1 && led_flag == LEFT){
  57   3                  led_flag = RIGHT;
  58   3              }
  59   2              // 下一个显示的LED计算
  60   2              led_num += led_flag;
  61   2              // 逻辑圆环搭建
  62   2              if (led_num < 5)
  63   2                  led_num = 7;
  64   2              else if (led_num > 7) {
  65   3                  led_num = 5;
  66   3              }
  67   2          }
  68   1      }


MODULE INFORMATION:   STATIC OVERLAYABLE
   CODE SIZE        =    182    ----
   CONSTANT SIZE    =   ----    ----
   XDATA SIZE       =   ----    ----
   PDATA SIZE       =   ----    ----
   DATA SIZE        =      4    ----
   IDATA SIZE       =   ----    ----
   BIT SIZE         =   ----    ----
END OF MODULE INFORMATION.


C51 COMPILATION COMPLETE.  0 WARNING(S),  0 ERROR(S)
